The system is: Linux - 4.15.0-34-generic - x86_64
Compiling the C compiler identification source file "CMakeCCompilerId.c" succeeded.
Compiler: /home/noh/anaconda3/bin/cc 
Build flags: -I/usr/local/include
Id flags:  

The output was:
0


Compilation of the C compiler identification source "CMakeCCompilerId.c" produced "a.out"

The C compiler identification is GNU, found in "/home/noh/Desktop/WIP/GIT/PhD_work/JE_work/build/CMakeFiles/3.10.2/CompilerIdC/a.out"

Compiling the CXX compiler identification source file "CMakeCXXCompilerId.cpp" succeeded.
Compiler: /home/noh/anaconda3/bin/c++ 
Build flags: 
Id flags:  

The output was:
0


Compilation of the CXX compiler identification source "CMakeCXXCompilerId.cpp" produced "a.out"

The CXX compiler identification is GNU, found in "/home/noh/Desktop/WIP/GIT/PhD_work/JE_work/build/CMakeFiles/3.10.2/CompilerIdCXX/a.out"

Determining if the C compiler works passed with the following output:
Change Dir: /home/noh/Desktop/WIP/GIT/PhD_work/JE_work/build/CMakeFiles/CMakeTmp

Run Build Command:"/usr/bin/make" "cmTC_57d27/fast"
/usr/bin/make -f CMakeFiles/cmTC_57d27.dir/build.make CMakeFiles/cmTC_57d27.dir/build
make[1]: Entering directory '/home/noh/Desktop/WIP/GIT/PhD_work/JE_work/build/CMakeFiles/CMakeTmp'
Building C object CMakeFiles/cmTC_57d27.dir/testCCompiler.c.o
/home/noh/anaconda3/bin/cc   -I/usr/local/include    -o CMakeFiles/cmTC_57d27.dir/testCCompiler.c.o   -c /home/noh/Desktop/WIP/GIT/PhD_work/JE_work/build/CMakeFiles/CMakeTmp/testCCompiler.c
Linking C executable cmTC_57d27
/usr/bin/cmake -E cmake_link_script CMakeFiles/cmTC_57d27.dir/link.txt --verbose=1
/home/noh/anaconda3/bin/cc -I/usr/local/include   -L/usr/local/lib  -rdynamic CMakeFiles/cmTC_57d27.dir/testCCompiler.c.o  -o cmTC_57d27 
make[1]: Leaving directory '/home/noh/Desktop/WIP/GIT/PhD_work/JE_work/build/CMakeFiles/CMakeTmp'


Detecting C compiler ABI info compiled with the following output:
Change Dir: /home/noh/Desktop/WIP/GIT/PhD_work/JE_work/build/CMakeFiles/CMakeTmp

Run Build Command:"/usr/bin/make" "cmTC_2c1c3/fast"
/usr/bin/make -f CMakeFiles/cmTC_2c1c3.dir/build.make CMakeFiles/cmTC_2c1c3.dir/build
make[1]: Entering directory '/home/noh/Desktop/WIP/GIT/PhD_work/JE_work/build/CMakeFiles/CMakeTmp'
Building C object CMakeFiles/cmTC_2c1c3.dir/CMakeCCompilerABI.c.o
/home/noh/anaconda3/bin/cc   -I/usr/local/include    -o CMakeFiles/cmTC_2c1c3.dir/CMakeCCompilerABI.c.o   -c /usr/share/cmake-3.10/Modules/CMakeCCompilerABI.c
Linking C executable cmTC_2c1c3
/usr/bin/cmake -E cmake_link_script CMakeFiles/cmTC_2c1c3.dir/link.txt --verbose=1
/home/noh/anaconda3/bin/cc -I/usr/local/include   -L/usr/local/lib -v -rdynamic CMakeFiles/cmTC_2c1c3.dir/CMakeCCompilerABI.c.o  -o cmTC_2c1c3 
Reading specs from /home/noh/anaconda3/bin/../lib/gcc/x86_64-conda_cos6-linux-gnu/7.2.0/specs
COLLECT_GCC=/home/noh/anaconda3/bin/cc
COLLECT_LTO_WRAPPER=/home/noh/anaconda3/bin/../libexec/gcc/x86_64-conda_cos6-linux-gnu/7.2.0/lto-wrapper
Target: x86_64-conda_cos6-linux-gnu
Configured with: /opt/conda/conda-bld/compilers_linux-64_1520532893746/work/.build/src/gcc-7.2.0/configure --build=x86_64-build_pc-linux-gnu --host=x86_64-build_pc-linux-gnu --target=x86_64-conda_cos6-linux-gnu --prefix=/opt/conda/conda-bld/compilers_linux-64_1520532893746/work/gcc_built --with-sysroot=/opt/conda/conda-bld/compilers_linux-64_1520532893746/work/gcc_built/x86_64-conda_cos6-linux-gnu/sysroot --enable-languages=c,c++,fortran,objc,obj-c++ --with-pkgversion='crosstool-NG fa8859cb' --enable-__cxa_atexit --disable-libmudflap --enable-libgomp --disable-libssp --enable-libquadmath --enable-libquadmath-support --enable-libsanitizer --enable-libmpx --with-gmp=/opt/conda/conda-bld/compilers_linux-64_1520532893746/work/.build/x86_64-conda_cos6-linux-gnu/buildtools --with-mpfr=/opt/conda/conda-bld/compilers_linux-64_1520532893746/work/.build/x86_64-conda_cos6-linux-gnu/buildtools --with-mpc=/opt/conda/conda-bld/compilers_linux-64_1520532893746/work/.build/x86_64-conda_cos6-linux-gnu/buildtools --with-isl=/opt/conda/conda-bld/compilers_linux-64_1520532893746/work/.build/x86_64-conda_cos6-linux-gnu/buildtools --enable-lto --enable-threads=posix --enable-target-optspace --enable-plugin --enable-gold --disable-nls --disable-multilib --with-local-prefix=/opt/conda/conda-bld/compilers_linux-64_1520532893746/work/gcc_built/x86_64-conda_cos6-linux-gnu/sysroot --enable-long-long --enable-default-pie
Thread model: posix
gcc version 7.2.0 (crosstool-NG fa8859cb) 
COMPILER_PATH=/home/noh/anaconda3/bin/../libexec/gcc/x86_64-conda_cos6-linux-gnu/7.2.0/:/home/noh/anaconda3/bin/../libexec/gcc/:/home/noh/anaconda3/bin/../lib/gcc/x86_64-conda_cos6-linux-gnu/7.2.0/../../../../x86_64-conda_cos6-linux-gnu/bin/
LIBRARY_PATH=/home/noh/anaconda3/bin/../lib/gcc/x86_64-conda_cos6-linux-gnu/7.2.0/:/home/noh/anaconda3/bin/../lib/gcc/:/home/noh/anaconda3/bin/../lib/gcc/x86_64-conda_cos6-linux-gnu/7.2.0/../../../../x86_64-conda_cos6-linux-gnu/lib/../lib/:/home/noh/anaconda3/bin/../x86_64-conda_cos6-linux-gnu/sysroot/lib/../lib/:/home/noh/anaconda3/bin/../x86_64-conda_cos6-linux-gnu/sysroot/usr/lib/../lib/:/home/noh/anaconda3/bin/../lib/gcc/x86_64-conda_cos6-linux-gnu/7.2.0/../../../../x86_64-conda_cos6-linux-gnu/lib/:/home/noh/anaconda3/bin/../x86_64-conda_cos6-linux-gnu/sysroot/lib/:/home/noh/anaconda3/bin/../x86_64-conda_cos6-linux-gnu/sysroot/usr/lib/
COLLECT_GCC_OPTIONS='-I' '/usr/local/include' '-L/usr/local/lib' '-v' '-rdynamic' '-o' 'cmTC_2c1c3' '-mtune=generic' '-march=x86-64'
 /home/noh/anaconda3/bin/../libexec/gcc/x86_64-conda_cos6-linux-gnu/7.2.0/collect2 -plugin /home/noh/anaconda3/bin/../libexec/gcc/x86_64-conda_cos6-linux-gnu/7.2.0/liblto_plugin.so -plugin-opt=/home/noh/anaconda3/bin/../libexec/gcc/x86_64-conda_cos6-linux-gnu/7.2.0/lto-wrapper -plugin-opt=-fresolution=/tmp/ccY6CBey.res -plugin-opt=-pass-through=-lgcc -plugin-opt=-pass-through=-lgcc_s -plugin-opt=-pass-through=-lc -plugin-opt=-pass-through=-lgcc -plugin-opt=-pass-through=-lgcc_s --sysroot=/home/noh/anaconda3/bin/../x86_64-conda_cos6-linux-gnu/sysroot --eh-frame-hdr -m elf_x86_64 -export-dynamic -dynamic-linker /lib64/ld-linux-x86-64.so.2 -pie -o cmTC_2c1c3 /home/noh/anaconda3/bin/../x86_64-conda_cos6-linux-gnu/sysroot/usr/lib/../lib/Scrt1.o /home/noh/anaconda3/bin/../x86_64-conda_cos6-linux-gnu/sysroot/usr/lib/../lib/crti.o /home/noh/anaconda3/bin/../lib/gcc/x86_64-conda_cos6-linux-gnu/7.2.0/crtbeginS.o -L/usr/local/lib -L/home/noh/anaconda3/bin/../lib/gcc/x86_64-conda_cos6-linux-gnu/7.2.0 -L/home/noh/anaconda3/bin/../lib/gcc -L/home/noh/anaconda3/bin/../lib/gcc/x86_64-conda_cos6-linux-gnu/7.2.0/../../../../x86_64-conda_cos6-linux-gnu/lib/../lib -L/home/noh/anaconda3/bin/../x86_64-conda_cos6-linux-gnu/sysroot/lib/../lib -L/home/noh/anaconda3/bin/../x86_64-conda_cos6-linux-gnu/sysroot/usr/lib/../lib -L/home/noh/anaconda3/bin/../lib/gcc/x86_64-conda_cos6-linux-gnu/7.2.0/../../../../x86_64-conda_cos6-linux-gnu/lib -L/home/noh/anaconda3/bin/../x86_64-conda_cos6-linux-gnu/sysroot/lib -L/home/noh/anaconda3/bin/../x86_64-conda_cos6-linux-gnu/sysroot/usr/lib -rpath /home/noh/anaconda3/lib CMakeFiles/cmTC_2c1c3.dir/CMakeCCompilerABI.c.o -lgcc --as-needed -lgcc_s --no-as-needed -lc -lgcc --as-needed -lgcc_s --no-as-needed /home/noh/anaconda3/bin/../lib/gcc/x86_64-conda_cos6-linux-gnu/7.2.0/crtendS.o /home/noh/anaconda3/bin/../x86_64-conda_cos6-linux-gnu/sysroot/usr/lib/../lib/crtn.o
COLLECT_GCC_OPTIONS='-I' '/usr/local/include' '-L/usr/local/lib' '-v' '-rdynamic' '-o' 'cmTC_2c1c3' '-mtune=generic' '-march=x86-64'
make[1]: Leaving directory '/home/noh/Desktop/WIP/GIT/PhD_work/JE_work/build/CMakeFiles/CMakeTmp'


Parsed C implicit link information from above output:
  link line regex: [^( *|.*[/\])(ld|CMAKE_LINK_STARTFILE-NOTFOUND|([^/\]+-)?ld|collect2)[^/\]*( |$)]
  ignore line: [Change Dir: /home/noh/Desktop/WIP/GIT/PhD_work/JE_work/build/CMakeFiles/CMakeTmp]
  ignore line: []
  ignore line: [Run Build Command:"/usr/bin/make" "cmTC_2c1c3/fast"]
  ignore line: [/usr/bin/make -f CMakeFiles/cmTC_2c1c3.dir/build.make CMakeFiles/cmTC_2c1c3.dir/build]
  ignore line: [make[1]: Entering directory '/home/noh/Desktop/WIP/GIT/PhD_work/JE_work/build/CMakeFiles/CMakeTmp']
  ignore line: [Building C object CMakeFiles/cmTC_2c1c3.dir/CMakeCCompilerABI.c.o]
  ignore line: [/home/noh/anaconda3/bin/cc   -I/usr/local/include    -o CMakeFiles/cmTC_2c1c3.dir/CMakeCCompilerABI.c.o   -c /usr/share/cmake-3.10/Modules/CMakeCCompilerABI.c]
  ignore line: [Linking C executable cmTC_2c1c3]
  ignore line: [/usr/bin/cmake -E cmake_link_script CMakeFiles/cmTC_2c1c3.dir/link.txt --verbose=1]
  ignore line: [/home/noh/anaconda3/bin/cc -I/usr/local/include   -L/usr/local/lib -v -rdynamic CMakeFiles/cmTC_2c1c3.dir/CMakeCCompilerABI.c.o  -o cmTC_2c1c3 ]
  ignore line: [Reading specs from /home/noh/anaconda3/bin/../lib/gcc/x86_64-conda_cos6-linux-gnu/7.2.0/specs]
  ignore line: [COLLECT_GCC=/home/noh/anaconda3/bin/cc]
  ignore line: [COLLECT_LTO_WRAPPER=/home/noh/anaconda3/bin/../libexec/gcc/x86_64-conda_cos6-linux-gnu/7.2.0/lto-wrapper]
  ignore line: [Target: x86_64-conda_cos6-linux-gnu]
  ignore line: [Configured with: /opt/conda/conda-bld/compilers_linux-64_1520532893746/work/.build/src/gcc-7.2.0/configure --build=x86_64-build_pc-linux-gnu --host=x86_64-build_pc-linux-gnu --target=x86_64-conda_cos6-linux-gnu --prefix=/opt/conda/conda-bld/compilers_linux-64_1520532893746/work/gcc_built --with-sysroot=/opt/conda/conda-bld/compilers_linux-64_1520532893746/work/gcc_built/x86_64-conda_cos6-linux-gnu/sysroot --enable-languages=c,c++,fortran,objc,obj-c++ --with-pkgversion='crosstool-NG fa8859cb' --enable-__cxa_atexit --disable-libmudflap --enable-libgomp --disable-libssp --enable-libquadmath --enable-libquadmath-support --enable-libsanitizer --enable-libmpx --with-gmp=/opt/conda/conda-bld/compilers_linux-64_1520532893746/work/.build/x86_64-conda_cos6-linux-gnu/buildtools --with-mpfr=/opt/conda/conda-bld/compilers_linux-64_1520532893746/work/.build/x86_64-conda_cos6-linux-gnu/buildtools --with-mpc=/opt/conda/conda-bld/compilers_linux-64_1520532893746/work/.build/x86_64-conda_cos6-linux-gnu/buildtools --with-isl=/opt/conda/conda-bld/compilers_linux-64_1520532893746/work/.build/x86_64-conda_cos6-linux-gnu/buildtools --enable-lto --enable-threads=posix --enable-target-optspace --enable-plugin --enable-gold --disable-nls --disable-multilib --with-local-prefix=/opt/conda/conda-bld/compilers_linux-64_1520532893746/work/gcc_built/x86_64-conda_cos6-linux-gnu/sysroot --enable-long-long --enable-default-pie]
  ignore line: [Thread model: posix]
  ignore line: [gcc version 7.2.0 (crosstool-NG fa8859cb) ]
  ignore line: [COMPILER_PATH=/home/noh/anaconda3/bin/../libexec/gcc/x86_64-conda_cos6-linux-gnu/7.2.0/:/home/noh/anaconda3/bin/../libexec/gcc/:/home/noh/anaconda3/bin/../lib/gcc/x86_64-conda_cos6-linux-gnu/7.2.0/../../../../x86_64-conda_cos6-linux-gnu/bin/]
  ignore line: [LIBRARY_PATH=/home/noh/anaconda3/bin/../lib/gcc/x86_64-conda_cos6-linux-gnu/7.2.0/:/home/noh/anaconda3/bin/../lib/gcc/:/home/noh/anaconda3/bin/../lib/gcc/x86_64-conda_cos6-linux-gnu/7.2.0/../../../../x86_64-conda_cos6-linux-gnu/lib/../lib/:/home/noh/anaconda3/bin/../x86_64-conda_cos6-linux-gnu/sysroot/lib/../lib/:/home/noh/anaconda3/bin/../x86_64-conda_cos6-linux-gnu/sysroot/usr/lib/../lib/:/home/noh/anaconda3/bin/../lib/gcc/x86_64-conda_cos6-linux-gnu/7.2.0/../../../../x86_64-conda_cos6-linux-gnu/lib/:/home/noh/anaconda3/bin/../x86_64-conda_cos6-linux-gnu/sysroot/lib/:/home/noh/anaconda3/bin/../x86_64-conda_cos6-linux-gnu/sysroot/usr/lib/]
  ignore line: [COLLECT_GCC_OPTIONS='-I' '/usr/local/include' '-L/usr/local/lib' '-v' '-rdynamic' '-o' 'cmTC_2c1c3' '-mtune=generic' '-march=x86-64']
  link line: [ /home/noh/anaconda3/bin/../libexec/gcc/x86_64-conda_cos6-linux-gnu/7.2.0/collect2 -plugin /home/noh/anaconda3/bin/../libexec/gcc/x86_64-conda_cos6-linux-gnu/7.2.0/liblto_plugin.so -plugin-opt=/home/noh/anaconda3/bin/../libexec/gcc/x86_64-conda_cos6-linux-gnu/7.2.0/lto-wrapper -plugin-opt=-fresolution=/tmp/ccY6CBey.res -plugin-opt=-pass-through=-lgcc -plugin-opt=-pass-through=-lgcc_s -plugin-opt=-pass-through=-lc -plugin-opt=-pass-through=-lgcc -plugin-opt=-pass-through=-lgcc_s --sysroot=/home/noh/anaconda3/bin/../x86_64-conda_cos6-linux-gnu/sysroot --eh-frame-hdr -m elf_x86_64 -export-dynamic -dynamic-linker /lib64/ld-linux-x86-64.so.2 -pie -o cmTC_2c1c3 /home/noh/anaconda3/bin/../x86_64-conda_cos6-linux-gnu/sysroot/usr/lib/../lib/Scrt1.o /home/noh/anaconda3/bin/../x86_64-conda_cos6-linux-gnu/sysroot/usr/lib/../lib/crti.o /home/noh/anaconda3/bin/../lib/gcc/x86_64-conda_cos6-linux-gnu/7.2.0/crtbeginS.o -L/usr/local/lib -L/home/noh/anaconda3/bin/../lib/gcc/x86_64-conda_cos6-linux-gnu/7.2.0 -L/home/noh/anaconda3/bin/../lib/gcc -L/home/noh/anaconda3/bin/../lib/gcc/x86_64-conda_cos6-linux-gnu/7.2.0/../../../../x86_64-conda_cos6-linux-gnu/lib/../lib -L/home/noh/anaconda3/bin/../x86_64-conda_cos6-linux-gnu/sysroot/lib/../lib -L/home/noh/anaconda3/bin/../x86_64-conda_cos6-linux-gnu/sysroot/usr/lib/../lib -L/home/noh/anaconda3/bin/../lib/gcc/x86_64-conda_cos6-linux-gnu/7.2.0/../../../../x86_64-conda_cos6-linux-gnu/lib -L/home/noh/anaconda3/bin/../x86_64-conda_cos6-linux-gnu/sysroot/lib -L/home/noh/anaconda3/bin/../x86_64-conda_cos6-linux-gnu/sysroot/usr/lib -rpath /home/noh/anaconda3/lib CMakeFiles/cmTC_2c1c3.dir/CMakeCCompilerABI.c.o -lgcc --as-needed -lgcc_s --no-as-needed -lc -lgcc --as-needed -lgcc_s --no-as-needed /home/noh/anaconda3/bin/../lib/gcc/x86_64-conda_cos6-linux-gnu/7.2.0/crtendS.o /home/noh/anaconda3/bin/../x86_64-conda_cos6-linux-gnu/sysroot/usr/lib/../lib/crtn.o]
    arg [/home/noh/anaconda3/bin/../libexec/gcc/x86_64-conda_cos6-linux-gnu/7.2.0/collect2] ==> ignore
    arg [-plugin] ==> ignore
    arg [/home/noh/anaconda3/bin/../libexec/gcc/x86_64-conda_cos6-linux-gnu/7.2.0/liblto_plugin.so] ==> ignore
    arg [-plugin-opt=/home/noh/anaconda3/bin/../libexec/gcc/x86_64-conda_cos6-linux-gnu/7.2.0/lto-wrapper] ==> ignore
    arg [-plugin-opt=-fresolution=/tmp/ccY6CBey.res] ==> ignore
    arg [-plugin-opt=-pass-through=-lgcc] ==> ignore
    arg [-plugin-opt=-pass-through=-lgcc_s] ==> ignore
    arg [-plugin-opt=-pass-through=-lc] ==> ignore
    arg [-plugin-opt=-pass-through=-lgcc] ==> ignore
    arg [-plugin-opt=-pass-through=-lgcc_s] ==> ignore
    arg [--sysroot=/home/noh/anaconda3/bin/../x86_64-conda_cos6-linux-gnu/sysroot] ==> ignore
    arg [--eh-frame-hdr] ==> ignore
    arg [-m] ==> ignore
    arg [elf_x86_64] ==> ignore
    arg [-export-dynamic] ==> ignore
    arg [-dynamic-linker] ==> ignore
    arg [/lib64/ld-linux-x86-64.so.2] ==> ignore
    arg [-pie] ==> ignore
    arg [-o] ==> ignore
    arg [cmTC_2c1c3] ==> ignore
    arg [/home/noh/anaconda3/bin/../x86_64-conda_cos6-linux-gnu/sysroot/usr/lib/../lib/Scrt1.o] ==> ignore
    arg [/home/noh/anaconda3/bin/../x86_64-conda_cos6-linux-gnu/sysroot/usr/lib/../lib/crti.o] ==> ignore
    arg [/home/noh/anaconda3/bin/../lib/gcc/x86_64-conda_cos6-linux-gnu/7.2.0/crtbeginS.o] ==> ignore
    arg [-L/usr/local/lib] ==> dir [/usr/local/lib]
    arg [-L/home/noh/anaconda3/bin/../lib/gcc/x86_64-conda_cos6-linux-gnu/7.2.0] ==> dir [/home/noh/anaconda3/bin/../lib/gcc/x86_64-conda_cos6-linux-gnu/7.2.0]
    arg [-L/home/noh/anaconda3/bin/../lib/gcc] ==> dir [/home/noh/anaconda3/bin/../lib/gcc]
    arg [-L/home/noh/anaconda3/bin/../lib/gcc/x86_64-conda_cos6-linux-gnu/7.2.0/../../../../x86_64-conda_cos6-linux-gnu/lib/../lib] ==> dir [/home/noh/anaconda3/bin/../lib/gcc/x86_64-conda_cos6-linux-gnu/7.2.0/../../../../x86_64-conda_cos6-linux-gnu/lib/../lib]
    arg [-L/home/noh/anaconda3/bin/../x86_64-conda_cos6-linux-gnu/sysroot/lib/../lib] ==> dir [/home/noh/anaconda3/bin/../x86_64-conda_cos6-linux-gnu/sysroot/lib/../lib]
    arg [-L/home/noh/anaconda3/bin/../x86_64-conda_cos6-linux-gnu/sysroot/usr/lib/../lib] ==> dir [/home/noh/anaconda3/bin/../x86_64-conda_cos6-linux-gnu/sysroot/usr/lib/../lib]
    arg [-L/home/noh/anaconda3/bin/../lib/gcc/x86_64-conda_cos6-linux-gnu/7.2.0/../../../../x86_64-conda_cos6-linux-gnu/lib] ==> dir [/home/noh/anaconda3/bin/../lib/gcc/x86_64-conda_cos6-linux-gnu/7.2.0/../../../../x86_64-conda_cos6-linux-gnu/lib]
    arg [-L/home/noh/anaconda3/bin/../x86_64-conda_cos6-linux-gnu/sysroot/lib] ==> dir [/home/noh/anaconda3/bin/../x86_64-conda_cos6-linux-gnu/sysroot/lib]
    arg [-L/home/noh/anaconda3/bin/../x86_64-conda_cos6-linux-gnu/sysroot/usr/lib] ==> dir [/home/noh/anaconda3/bin/../x86_64-conda_cos6-linux-gnu/sysroot/usr/lib]
    arg [-rpath] ==> ignore
    arg [/home/noh/anaconda3/lib] ==> ignore
    arg [CMakeFiles/cmTC_2c1c3.dir/CMakeCCompilerABI.c.o] ==> ignore
    arg [-lgcc] ==> lib [gcc]
    arg [--as-needed] ==> ignore
    arg [-lgcc_s] ==> lib [gcc_s]
    arg [--no-as-needed] ==> ignore
    arg [-lc] ==> lib [c]
    arg [-lgcc] ==> lib [gcc]
    arg [--as-needed] ==> ignore
    arg [-lgcc_s] ==> lib [gcc_s]
    arg [--no-as-needed] ==> ignore
    arg [/home/noh/anaconda3/bin/../lib/gcc/x86_64-conda_cos6-linux-gnu/7.2.0/crtendS.o] ==> ignore
    arg [/home/noh/anaconda3/bin/../x86_64-conda_cos6-linux-gnu/sysroot/usr/lib/../lib/crtn.o] ==> ignore
  collapse library dir [/usr/local/lib] ==> [/usr/local/lib]
  collapse library dir [/home/noh/anaconda3/bin/../lib/gcc/x86_64-conda_cos6-linux-gnu/7.2.0] ==> [/home/noh/anaconda3/lib/gcc/x86_64-conda_cos6-linux-gnu/7.2.0]
  collapse library dir [/home/noh/anaconda3/bin/../lib/gcc] ==> [/home/noh/anaconda3/lib/gcc]
  collapse library dir [/home/noh/anaconda3/bin/../lib/gcc/x86_64-conda_cos6-linux-gnu/7.2.0/../../../../x86_64-conda_cos6-linux-gnu/lib/../lib] ==> [/home/noh/anaconda3/x86_64-conda_cos6-linux-gnu/lib]
  collapse library dir [/home/noh/anaconda3/bin/../x86_64-conda_cos6-linux-gnu/sysroot/lib/../lib] ==> [/home/noh/anaconda3/x86_64-conda_cos6-linux-gnu/sysroot/lib]
  collapse library dir [/home/noh/anaconda3/bin/../x86_64-conda_cos6-linux-gnu/sysroot/usr/lib/../lib] ==> [/home/noh/anaconda3/x86_64-conda_cos6-linux-gnu/sysroot/usr/lib]
  collapse library dir [/home/noh/anaconda3/bin/../lib/gcc/x86_64-conda_cos6-linux-gnu/7.2.0/../../../../x86_64-conda_cos6-linux-gnu/lib] ==> [/home/noh/anaconda3/x86_64-conda_cos6-linux-gnu/lib]
  collapse library dir [/home/noh/anaconda3/bin/../x86_64-conda_cos6-linux-gnu/sysroot/lib] ==> [/home/noh/anaconda3/x86_64-conda_cos6-linux-gnu/sysroot/lib]
  collapse library dir [/home/noh/anaconda3/bin/../x86_64-conda_cos6-linux-gnu/sysroot/usr/lib] ==> [/home/noh/anaconda3/x86_64-conda_cos6-linux-gnu/sysroot/usr/lib]
  implicit libs: [gcc;gcc_s;c;gcc;gcc_s]
  implicit dirs: [/usr/local/lib;/home/noh/anaconda3/lib/gcc/x86_64-conda_cos6-linux-gnu/7.2.0;/home/noh/anaconda3/lib/gcc;/home/noh/anaconda3/x86_64-conda_cos6-linux-gnu/lib;/home/noh/anaconda3/x86_64-conda_cos6-linux-gnu/sysroot/lib;/home/noh/anaconda3/x86_64-conda_cos6-linux-gnu/sysroot/usr/lib]
  implicit fwks: []




Detecting C [-std=c11] compiler features compiled with the following output:
Change Dir: /home/noh/Desktop/WIP/GIT/PhD_work/JE_work/build/CMakeFiles/CMakeTmp

Run Build Command:"/usr/bin/make" "cmTC_b8fcd/fast"
/usr/bin/make -f CMakeFiles/cmTC_b8fcd.dir/build.make CMakeFiles/cmTC_b8fcd.dir/build
make[1]: Entering directory '/home/noh/Desktop/WIP/GIT/PhD_work/JE_work/build/CMakeFiles/CMakeTmp'
Building C object CMakeFiles/cmTC_b8fcd.dir/feature_tests.c.o
/home/noh/anaconda3/bin/cc   -I/usr/local/include    -std=c11 -o CMakeFiles/cmTC_b8fcd.dir/feature_tests.c.o   -c /home/noh/Desktop/WIP/GIT/PhD_work/JE_work/build/CMakeFiles/feature_tests.c
Linking C executable cmTC_b8fcd
/usr/bin/cmake -E cmake_link_script CMakeFiles/cmTC_b8fcd.dir/link.txt --verbose=1
/home/noh/anaconda3/bin/cc -I/usr/local/include   -L/usr/local/lib  -rdynamic CMakeFiles/cmTC_b8fcd.dir/feature_tests.c.o  -o cmTC_b8fcd 
make[1]: Leaving directory '/home/noh/Desktop/WIP/GIT/PhD_work/JE_work/build/CMakeFiles/CMakeTmp'


    Feature record: C_FEATURE:1c_function_prototypes
    Feature record: C_FEATURE:1c_restrict
    Feature record: C_FEATURE:1c_static_assert
    Feature record: C_FEATURE:1c_variadic_macros


Detecting C [-std=c99] compiler features compiled with the following output:
Change Dir: /home/noh/Desktop/WIP/GIT/PhD_work/JE_work/build/CMakeFiles/CMakeTmp

Run Build Command:"/usr/bin/make" "cmTC_90e24/fast"
/usr/bin/make -f CMakeFiles/cmTC_90e24.dir/build.make CMakeFiles/cmTC_90e24.dir/build
make[1]: Entering directory '/home/noh/Desktop/WIP/GIT/PhD_work/JE_work/build/CMakeFiles/CMakeTmp'
Building C object CMakeFiles/cmTC_90e24.dir/feature_tests.c.o
/home/noh/anaconda3/bin/cc   -I/usr/local/include    -std=c99 -o CMakeFiles/cmTC_90e24.dir/feature_tests.c.o   -c /home/noh/Desktop/WIP/GIT/PhD_work/JE_work/build/CMakeFiles/feature_tests.c
Linking C executable cmTC_90e24
/usr/bin/cmake -E cmake_link_script CMakeFiles/cmTC_90e24.dir/link.txt --verbose=1
/home/noh/anaconda3/bin/cc -I/usr/local/include   -L/usr/local/lib  -rdynamic CMakeFiles/cmTC_90e24.dir/feature_tests.c.o  -o cmTC_90e24 
make[1]: Leaving directory '/home/noh/Desktop/WIP/GIT/PhD_work/JE_work/build/CMakeFiles/CMakeTmp'


    Feature record: C_FEATURE:1c_function_prototypes
    Feature record: C_FEATURE:1c_restrict
    Feature record: C_FEATURE:0c_static_assert
    Feature record: C_FEATURE:1c_variadic_macros


Detecting C [-std=c90] compiler features compiled with the following output:
Change Dir: /home/noh/Desktop/WIP/GIT/PhD_work/JE_work/build/CMakeFiles/CMakeTmp

Run Build Command:"/usr/bin/make" "cmTC_8447b/fast"
/usr/bin/make -f CMakeFiles/cmTC_8447b.dir/build.make CMakeFiles/cmTC_8447b.dir/build
make[1]: Entering directory '/home/noh/Desktop/WIP/GIT/PhD_work/JE_work/build/CMakeFiles/CMakeTmp'
Building C object CMakeFiles/cmTC_8447b.dir/feature_tests.c.o
/home/noh/anaconda3/bin/cc   -I/usr/local/include    -std=c90 -o CMakeFiles/cmTC_8447b.dir/feature_tests.c.o   -c /home/noh/Desktop/WIP/GIT/PhD_work/JE_work/build/CMakeFiles/feature_tests.c
Linking C executable cmTC_8447b
/usr/bin/cmake -E cmake_link_script CMakeFiles/cmTC_8447b.dir/link.txt --verbose=1
/home/noh/anaconda3/bin/cc -I/usr/local/include   -L/usr/local/lib  -rdynamic CMakeFiles/cmTC_8447b.dir/feature_tests.c.o  -o cmTC_8447b 
make[1]: Leaving directory '/home/noh/Desktop/WIP/GIT/PhD_work/JE_work/build/CMakeFiles/CMakeTmp'


    Feature record: C_FEATURE:1c_function_prototypes
    Feature record: C_FEATURE:0c_restrict
    Feature record: C_FEATURE:0c_static_assert
    Feature record: C_FEATURE:0c_variadic_macros
Determining if the CXX compiler works passed with the following output:
Change Dir: /home/noh/Desktop/WIP/GIT/PhD_work/JE_work/build/CMakeFiles/CMakeTmp

Run Build Command:"/usr/bin/make" "cmTC_91317/fast"
/usr/bin/make -f CMakeFiles/cmTC_91317.dir/build.make CMakeFiles/cmTC_91317.dir/build
make[1]: Entering directory '/home/noh/Desktop/WIP/GIT/PhD_work/JE_work/build/CMakeFiles/CMakeTmp'
Building CXX object CMakeFiles/cmTC_91317.dir/testCXXCompiler.cxx.o
/home/noh/anaconda3/bin/c++     -o CMakeFiles/cmTC_91317.dir/testCXXCompiler.cxx.o -c /home/noh/Desktop/WIP/GIT/PhD_work/JE_work/build/CMakeFiles/CMakeTmp/testCXXCompiler.cxx
Linking CXX executable cmTC_91317
/usr/bin/cmake -E cmake_link_script CMakeFiles/cmTC_91317.dir/link.txt --verbose=1
/home/noh/anaconda3/bin/c++     -L/usr/local/lib  -rdynamic CMakeFiles/cmTC_91317.dir/testCXXCompiler.cxx.o  -o cmTC_91317 
make[1]: Leaving directory '/home/noh/Desktop/WIP/GIT/PhD_work/JE_work/build/CMakeFiles/CMakeTmp'


Detecting CXX compiler ABI info compiled with the following output:
Change Dir: /home/noh/Desktop/WIP/GIT/PhD_work/JE_work/build/CMakeFiles/CMakeTmp

Run Build Command:"/usr/bin/make" "cmTC_231f3/fast"
/usr/bin/make -f CMakeFiles/cmTC_231f3.dir/build.make CMakeFiles/cmTC_231f3.dir/build
make[1]: Entering directory '/home/noh/Desktop/WIP/GIT/PhD_work/JE_work/build/CMakeFiles/CMakeTmp'
Building CXX object CMakeFiles/cmTC_231f3.dir/CMakeCXXCompilerABI.cpp.o
/home/noh/anaconda3/bin/c++     -o CMakeFiles/cmTC_231f3.dir/CMakeCXXCompilerABI.cpp.o -c /usr/share/cmake-3.10/Modules/CMakeCXXCompilerABI.cpp
Linking CXX executable cmTC_231f3
/usr/bin/cmake -E cmake_link_script CMakeFiles/cmTC_231f3.dir/link.txt --verbose=1
/home/noh/anaconda3/bin/c++     -L/usr/local/lib -v -rdynamic CMakeFiles/cmTC_231f3.dir/CMakeCXXCompilerABI.cpp.o  -o cmTC_231f3 
Reading specs from /home/noh/anaconda3/bin/../lib/gcc/x86_64-conda_cos6-linux-gnu/7.2.0/specs
COLLECT_GCC=/home/noh/anaconda3/bin/c++
COLLECT_LTO_WRAPPER=/home/noh/anaconda3/bin/../libexec/gcc/x86_64-conda_cos6-linux-gnu/7.2.0/lto-wrapper
Target: x86_64-conda_cos6-linux-gnu
Configured with: /opt/conda/conda-bld/compilers_linux-64_1520532893746/work/.build/src/gcc-7.2.0/configure --build=x86_64-build_pc-linux-gnu --host=x86_64-build_pc-linux-gnu --target=x86_64-conda_cos6-linux-gnu --prefix=/opt/conda/conda-bld/compilers_linux-64_1520532893746/work/gcc_built --with-sysroot=/opt/conda/conda-bld/compilers_linux-64_1520532893746/work/gcc_built/x86_64-conda_cos6-linux-gnu/sysroot --enable-languages=c,c++,fortran,objc,obj-c++ --with-pkgversion='crosstool-NG fa8859cb' --enable-__cxa_atexit --disable-libmudflap --enable-libgomp --disable-libssp --enable-libquadmath --enable-libquadmath-support --enable-libsanitizer --enable-libmpx --with-gmp=/opt/conda/conda-bld/compilers_linux-64_1520532893746/work/.build/x86_64-conda_cos6-linux-gnu/buildtools --with-mpfr=/opt/conda/conda-bld/compilers_linux-64_1520532893746/work/.build/x86_64-conda_cos6-linux-gnu/buildtools --with-mpc=/opt/conda/conda-bld/compilers_linux-64_1520532893746/work/.build/x86_64-conda_cos6-linux-gnu/buildtools --with-isl=/opt/conda/conda-bld/compilers_linux-64_1520532893746/work/.build/x86_64-conda_cos6-linux-gnu/buildtools --enable-lto --enable-threads=posix --enable-target-optspace --enable-plugin --enable-gold --disable-nls --disable-multilib --with-local-prefix=/opt/conda/conda-bld/compilers_linux-64_1520532893746/work/gcc_built/x86_64-conda_cos6-linux-gnu/sysroot --enable-long-long --enable-default-pie
Thread model: posix
gcc version 7.2.0 (crosstool-NG fa8859cb) 
COMPILER_PATH=/home/noh/anaconda3/bin/../libexec/gcc/x86_64-conda_cos6-linux-gnu/7.2.0/:/home/noh/anaconda3/bin/../libexec/gcc/:/home/noh/anaconda3/bin/../lib/gcc/x86_64-conda_cos6-linux-gnu/7.2.0/../../../../x86_64-conda_cos6-linux-gnu/bin/
LIBRARY_PATH=/home/noh/anaconda3/bin/../lib/gcc/x86_64-conda_cos6-linux-gnu/7.2.0/:/home/noh/anaconda3/bin/../lib/gcc/:/home/noh/anaconda3/bin/../lib/gcc/x86_64-conda_cos6-linux-gnu/7.2.0/../../../../x86_64-conda_cos6-linux-gnu/lib/../lib/:/home/noh/anaconda3/bin/../x86_64-conda_cos6-linux-gnu/sysroot/lib/../lib/:/home/noh/anaconda3/bin/../x86_64-conda_cos6-linux-gnu/sysroot/usr/lib/../lib/:/home/noh/anaconda3/bin/../lib/gcc/x86_64-conda_cos6-linux-gnu/7.2.0/../../../../x86_64-conda_cos6-linux-gnu/lib/:/home/noh/anaconda3/bin/../x86_64-conda_cos6-linux-gnu/sysroot/lib/:/home/noh/anaconda3/bin/../x86_64-conda_cos6-linux-gnu/sysroot/usr/lib/
COLLECT_GCC_OPTIONS='-L/usr/local/lib' '-v' '-rdynamic' '-o' 'cmTC_231f3' '-shared-libgcc' '-mtune=generic' '-march=x86-64'
 /home/noh/anaconda3/bin/../libexec/gcc/x86_64-conda_cos6-linux-gnu/7.2.0/collect2 -plugin /home/noh/anaconda3/bin/../libexec/gcc/x86_64-conda_cos6-linux-gnu/7.2.0/liblto_plugin.so -plugin-opt=/home/noh/anaconda3/bin/../libexec/gcc/x86_64-conda_cos6-linux-gnu/7.2.0/lto-wrapper -plugin-opt=-fresolution=/tmp/ccF5w5If.res -plugin-opt=-pass-through=-lgcc_s -plugin-opt=-pass-through=-lgcc -plugin-opt=-pass-through=-lc -plugin-opt=-pass-through=-lgcc_s -plugin-opt=-pass-through=-lgcc --sysroot=/home/noh/anaconda3/bin/../x86_64-conda_cos6-linux-gnu/sysroot --eh-frame-hdr -m elf_x86_64 -export-dynamic -dynamic-linker /lib64/ld-linux-x86-64.so.2 -pie -o cmTC_231f3 /home/noh/anaconda3/bin/../x86_64-conda_cos6-linux-gnu/sysroot/usr/lib/../lib/Scrt1.o /home/noh/anaconda3/bin/../x86_64-conda_cos6-linux-gnu/sysroot/usr/lib/../lib/crti.o /home/noh/anaconda3/bin/../lib/gcc/x86_64-conda_cos6-linux-gnu/7.2.0/crtbeginS.o -L/usr/local/lib -L/home/noh/anaconda3/bin/../lib/gcc/x86_64-conda_cos6-linux-gnu/7.2.0 -L/home/noh/anaconda3/bin/../lib/gcc -L/home/noh/anaconda3/bin/../lib/gcc/x86_64-conda_cos6-linux-gnu/7.2.0/../../../../x86_64-conda_cos6-linux-gnu/lib/../lib -L/home/noh/anaconda3/bin/../x86_64-conda_cos6-linux-gnu/sysroot/lib/../lib -L/home/noh/anaconda3/bin/../x86_64-conda_cos6-linux-gnu/sysroot/usr/lib/../lib -L/home/noh/anaconda3/bin/../lib/gcc/x86_64-conda_cos6-linux-gnu/7.2.0/../../../../x86_64-conda_cos6-linux-gnu/lib -L/home/noh/anaconda3/bin/../x86_64-conda_cos6-linux-gnu/sysroot/lib -L/home/noh/anaconda3/bin/../x86_64-conda_cos6-linux-gnu/sysroot/usr/lib -rpath /home/noh/anaconda3/lib CMakeFiles/cmTC_231f3.dir/CMakeCXXCompilerABI.cpp.o -lstdc++ -lm -lgcc_s -lgcc -lc -lgcc_s -lgcc /home/noh/anaconda3/bin/../lib/gcc/x86_64-conda_cos6-linux-gnu/7.2.0/crtendS.o /home/noh/anaconda3/bin/../x86_64-conda_cos6-linux-gnu/sysroot/usr/lib/../lib/crtn.o
COLLECT_GCC_OPTIONS='-L/usr/local/lib' '-v' '-rdynamic' '-o' 'cmTC_231f3' '-shared-libgcc' '-mtune=generic' '-march=x86-64'
make[1]: Leaving directory '/home/noh/Desktop/WIP/GIT/PhD_work/JE_work/build/CMakeFiles/CMakeTmp'


Parsed CXX implicit link information from above output:
  link line regex: [^( *|.*[/\])(ld|CMAKE_LINK_STARTFILE-NOTFOUND|([^/\]+-)?ld|collect2)[^/\]*( |$)]
  ignore line: [Change Dir: /home/noh/Desktop/WIP/GIT/PhD_work/JE_work/build/CMakeFiles/CMakeTmp]
  ignore line: []
  ignore line: [Run Build Command:"/usr/bin/make" "cmTC_231f3/fast"]
  ignore line: [/usr/bin/make -f CMakeFiles/cmTC_231f3.dir/build.make CMakeFiles/cmTC_231f3.dir/build]
  ignore line: [make[1]: Entering directory '/home/noh/Desktop/WIP/GIT/PhD_work/JE_work/build/CMakeFiles/CMakeTmp']
  ignore line: [Building CXX object CMakeFiles/cmTC_231f3.dir/CMakeCXXCompilerABI.cpp.o]
  ignore line: [/home/noh/anaconda3/bin/c++     -o CMakeFiles/cmTC_231f3.dir/CMakeCXXCompilerABI.cpp.o -c /usr/share/cmake-3.10/Modules/CMakeCXXCompilerABI.cpp]
  ignore line: [Linking CXX executable cmTC_231f3]
  ignore line: [/usr/bin/cmake -E cmake_link_script CMakeFiles/cmTC_231f3.dir/link.txt --verbose=1]
  ignore line: [/home/noh/anaconda3/bin/c++     -L/usr/local/lib -v -rdynamic CMakeFiles/cmTC_231f3.dir/CMakeCXXCompilerABI.cpp.o  -o cmTC_231f3 ]
  ignore line: [Reading specs from /home/noh/anaconda3/bin/../lib/gcc/x86_64-conda_cos6-linux-gnu/7.2.0/specs]
  ignore line: [COLLECT_GCC=/home/noh/anaconda3/bin/c++]
  ignore line: [COLLECT_LTO_WRAPPER=/home/noh/anaconda3/bin/../libexec/gcc/x86_64-conda_cos6-linux-gnu/7.2.0/lto-wrapper]
  ignore line: [Target: x86_64-conda_cos6-linux-gnu]
  ignore line: [Configured with: /opt/conda/conda-bld/compilers_linux-64_1520532893746/work/.build/src/gcc-7.2.0/configure --build=x86_64-build_pc-linux-gnu --host=x86_64-build_pc-linux-gnu --target=x86_64-conda_cos6-linux-gnu --prefix=/opt/conda/conda-bld/compilers_linux-64_1520532893746/work/gcc_built --with-sysroot=/opt/conda/conda-bld/compilers_linux-64_1520532893746/work/gcc_built/x86_64-conda_cos6-linux-gnu/sysroot --enable-languages=c,c++,fortran,objc,obj-c++ --with-pkgversion='crosstool-NG fa8859cb' --enable-__cxa_atexit --disable-libmudflap --enable-libgomp --disable-libssp --enable-libquadmath --enable-libquadmath-support --enable-libsanitizer --enable-libmpx --with-gmp=/opt/conda/conda-bld/compilers_linux-64_1520532893746/work/.build/x86_64-conda_cos6-linux-gnu/buildtools --with-mpfr=/opt/conda/conda-bld/compilers_linux-64_1520532893746/work/.build/x86_64-conda_cos6-linux-gnu/buildtools --with-mpc=/opt/conda/conda-bld/compilers_linux-64_1520532893746/work/.build/x86_64-conda_cos6-linux-gnu/buildtools --with-isl=/opt/conda/conda-bld/compilers_linux-64_1520532893746/work/.build/x86_64-conda_cos6-linux-gnu/buildtools --enable-lto --enable-threads=posix --enable-target-optspace --enable-plugin --enable-gold --disable-nls --disable-multilib --with-local-prefix=/opt/conda/conda-bld/compilers_linux-64_1520532893746/work/gcc_built/x86_64-conda_cos6-linux-gnu/sysroot --enable-long-long --enable-default-pie]
  ignore line: [Thread model: posix]
  ignore line: [gcc version 7.2.0 (crosstool-NG fa8859cb) ]
  ignore line: [COMPILER_PATH=/home/noh/anaconda3/bin/../libexec/gcc/x86_64-conda_cos6-linux-gnu/7.2.0/:/home/noh/anaconda3/bin/../libexec/gcc/:/home/noh/anaconda3/bin/../lib/gcc/x86_64-conda_cos6-linux-gnu/7.2.0/../../../../x86_64-conda_cos6-linux-gnu/bin/]
  ignore line: [LIBRARY_PATH=/home/noh/anaconda3/bin/../lib/gcc/x86_64-conda_cos6-linux-gnu/7.2.0/:/home/noh/anaconda3/bin/../lib/gcc/:/home/noh/anaconda3/bin/../lib/gcc/x86_64-conda_cos6-linux-gnu/7.2.0/../../../../x86_64-conda_cos6-linux-gnu/lib/../lib/:/home/noh/anaconda3/bin/../x86_64-conda_cos6-linux-gnu/sysroot/lib/../lib/:/home/noh/anaconda3/bin/../x86_64-conda_cos6-linux-gnu/sysroot/usr/lib/../lib/:/home/noh/anaconda3/bin/../lib/gcc/x86_64-conda_cos6-linux-gnu/7.2.0/../../../../x86_64-conda_cos6-linux-gnu/lib/:/home/noh/anaconda3/bin/../x86_64-conda_cos6-linux-gnu/sysroot/lib/:/home/noh/anaconda3/bin/../x86_64-conda_cos6-linux-gnu/sysroot/usr/lib/]
  ignore line: [COLLECT_GCC_OPTIONS='-L/usr/local/lib' '-v' '-rdynamic' '-o' 'cmTC_231f3' '-shared-libgcc' '-mtune=generic' '-march=x86-64']
  link line: [ /home/noh/anaconda3/bin/../libexec/gcc/x86_64-conda_cos6-linux-gnu/7.2.0/collect2 -plugin /home/noh/anaconda3/bin/../libexec/gcc/x86_64-conda_cos6-linux-gnu/7.2.0/liblto_plugin.so -plugin-opt=/home/noh/anaconda3/bin/../libexec/gcc/x86_64-conda_cos6-linux-gnu/7.2.0/lto-wrapper -plugin-opt=-fresolution=/tmp/ccF5w5If.res -plugin-opt=-pass-through=-lgcc_s -plugin-opt=-pass-through=-lgcc -plugin-opt=-pass-through=-lc -plugin-opt=-pass-through=-lgcc_s -plugin-opt=-pass-through=-lgcc --sysroot=/home/noh/anaconda3/bin/../x86_64-conda_cos6-linux-gnu/sysroot --eh-frame-hdr -m elf_x86_64 -export-dynamic -dynamic-linker /lib64/ld-linux-x86-64.so.2 -pie -o cmTC_231f3 /home/noh/anaconda3/bin/../x86_64-conda_cos6-linux-gnu/sysroot/usr/lib/../lib/Scrt1.o /home/noh/anaconda3/bin/../x86_64-conda_cos6-linux-gnu/sysroot/usr/lib/../lib/crti.o /home/noh/anaconda3/bin/../lib/gcc/x86_64-conda_cos6-linux-gnu/7.2.0/crtbeginS.o -L/usr/local/lib -L/home/noh/anaconda3/bin/../lib/gcc/x86_64-conda_cos6-linux-gnu/7.2.0 -L/home/noh/anaconda3/bin/../lib/gcc -L/home/noh/anaconda3/bin/../lib/gcc/x86_64-conda_cos6-linux-gnu/7.2.0/../../../../x86_64-conda_cos6-linux-gnu/lib/../lib -L/home/noh/anaconda3/bin/../x86_64-conda_cos6-linux-gnu/sysroot/lib/../lib -L/home/noh/anaconda3/bin/../x86_64-conda_cos6-linux-gnu/sysroot/usr/lib/../lib -L/home/noh/anaconda3/bin/../lib/gcc/x86_64-conda_cos6-linux-gnu/7.2.0/../../../../x86_64-conda_cos6-linux-gnu/lib -L/home/noh/anaconda3/bin/../x86_64-conda_cos6-linux-gnu/sysroot/lib -L/home/noh/anaconda3/bin/../x86_64-conda_cos6-linux-gnu/sysroot/usr/lib -rpath /home/noh/anaconda3/lib CMakeFiles/cmTC_231f3.dir/CMakeCXXCompilerABI.cpp.o -lstdc++ -lm -lgcc_s -lgcc -lc -lgcc_s -lgcc /home/noh/anaconda3/bin/../lib/gcc/x86_64-conda_cos6-linux-gnu/7.2.0/crtendS.o /home/noh/anaconda3/bin/../x86_64-conda_cos6-linux-gnu/sysroot/usr/lib/../lib/crtn.o]
    arg [/home/noh/anaconda3/bin/../libexec/gcc/x86_64-conda_cos6-linux-gnu/7.2.0/collect2] ==> ignore
    arg [-plugin] ==> ignore
    arg [/home/noh/anaconda3/bin/../libexec/gcc/x86_64-conda_cos6-linux-gnu/7.2.0/liblto_plugin.so] ==> ignore
    arg [-plugin-opt=/home/noh/anaconda3/bin/../libexec/gcc/x86_64-conda_cos6-linux-gnu/7.2.0/lto-wrapper] ==> ignore
    arg [-plugin-opt=-fresolution=/tmp/ccF5w5If.res] ==> ignore
    arg [-plugin-opt=-pass-through=-lgcc_s] ==> ignore
    arg [-plugin-opt=-pass-through=-lgcc] ==> ignore
    arg [-plugin-opt=-pass-through=-lc] ==> ignore
    arg [-plugin-opt=-pass-through=-lgcc_s] ==> ignore
    arg [-plugin-opt=-pass-through=-lgcc] ==> ignore
    arg [--sysroot=/home/noh/anaconda3/bin/../x86_64-conda_cos6-linux-gnu/sysroot] ==> ignore
    arg [--eh-frame-hdr] ==> ignore
    arg [-m] ==> ignore
    arg [elf_x86_64] ==> ignore
    arg [-export-dynamic] ==> ignore
    arg [-dynamic-linker] ==> ignore
    arg [/lib64/ld-linux-x86-64.so.2] ==> ignore
    arg [-pie] ==> ignore
    arg [-o] ==> ignore
    arg [cmTC_231f3] ==> ignore
    arg [/home/noh/anaconda3/bin/../x86_64-conda_cos6-linux-gnu/sysroot/usr/lib/../lib/Scrt1.o] ==> ignore
    arg [/home/noh/anaconda3/bin/../x86_64-conda_cos6-linux-gnu/sysroot/usr/lib/../lib/crti.o] ==> ignore
    arg [/home/noh/anaconda3/bin/../lib/gcc/x86_64-conda_cos6-linux-gnu/7.2.0/crtbeginS.o] ==> ignore
    arg [-L/usr/local/lib] ==> dir [/usr/local/lib]
    arg [-L/home/noh/anaconda3/bin/../lib/gcc/x86_64-conda_cos6-linux-gnu/7.2.0] ==> dir [/home/noh/anaconda3/bin/../lib/gcc/x86_64-conda_cos6-linux-gnu/7.2.0]
    arg [-L/home/noh/anaconda3/bin/../lib/gcc] ==> dir [/home/noh/anaconda3/bin/../lib/gcc]
    arg [-L/home/noh/anaconda3/bin/../lib/gcc/x86_64-conda_cos6-linux-gnu/7.2.0/../../../../x86_64-conda_cos6-linux-gnu/lib/../lib] ==> dir [/home/noh/anaconda3/bin/../lib/gcc/x86_64-conda_cos6-linux-gnu/7.2.0/../../../../x86_64-conda_cos6-linux-gnu/lib/../lib]
    arg [-L/home/noh/anaconda3/bin/../x86_64-conda_cos6-linux-gnu/sysroot/lib/../lib] ==> dir [/home/noh/anaconda3/bin/../x86_64-conda_cos6-linux-gnu/sysroot/lib/../lib]
    arg [-L/home/noh/anaconda3/bin/../x86_64-conda_cos6-linux-gnu/sysroot/usr/lib/../lib] ==> dir [/home/noh/anaconda3/bin/../x86_64-conda_cos6-linux-gnu/sysroot/usr/lib/../lib]
    arg [-L/home/noh/anaconda3/bin/../lib/gcc/x86_64-conda_cos6-linux-gnu/7.2.0/../../../../x86_64-conda_cos6-linux-gnu/lib] ==> dir [/home/noh/anaconda3/bin/../lib/gcc/x86_64-conda_cos6-linux-gnu/7.2.0/../../../../x86_64-conda_cos6-linux-gnu/lib]
    arg [-L/home/noh/anaconda3/bin/../x86_64-conda_cos6-linux-gnu/sysroot/lib] ==> dir [/home/noh/anaconda3/bin/../x86_64-conda_cos6-linux-gnu/sysroot/lib]
    arg [-L/home/noh/anaconda3/bin/../x86_64-conda_cos6-linux-gnu/sysroot/usr/lib] ==> dir [/home/noh/anaconda3/bin/../x86_64-conda_cos6-linux-gnu/sysroot/usr/lib]
    arg [-rpath] ==> ignore
    arg [/home/noh/anaconda3/lib] ==> ignore
    arg [CMakeFiles/cmTC_231f3.dir/CMakeCXXCompilerABI.cpp.o] ==> ignore
    arg [-lstdc++] ==> lib [stdc++]
    arg [-lm] ==> lib [m]
    arg [-lgcc_s] ==> lib [gcc_s]
    arg [-lgcc] ==> lib [gcc]
    arg [-lc] ==> lib [c]
    arg [-lgcc_s] ==> lib [gcc_s]
    arg [-lgcc] ==> lib [gcc]
    arg [/home/noh/anaconda3/bin/../lib/gcc/x86_64-conda_cos6-linux-gnu/7.2.0/crtendS.o] ==> ignore
    arg [/home/noh/anaconda3/bin/../x86_64-conda_cos6-linux-gnu/sysroot/usr/lib/../lib/crtn.o] ==> ignore
  collapse library dir [/usr/local/lib] ==> [/usr/local/lib]
  collapse library dir [/home/noh/anaconda3/bin/../lib/gcc/x86_64-conda_cos6-linux-gnu/7.2.0] ==> [/home/noh/anaconda3/lib/gcc/x86_64-conda_cos6-linux-gnu/7.2.0]
  collapse library dir [/home/noh/anaconda3/bin/../lib/gcc] ==> [/home/noh/anaconda3/lib/gcc]
  collapse library dir [/home/noh/anaconda3/bin/../lib/gcc/x86_64-conda_cos6-linux-gnu/7.2.0/../../../../x86_64-conda_cos6-linux-gnu/lib/../lib] ==> [/home/noh/anaconda3/x86_64-conda_cos6-linux-gnu/lib]
  collapse library dir [/home/noh/anaconda3/bin/../x86_64-conda_cos6-linux-gnu/sysroot/lib/../lib] ==> [/home/noh/anaconda3/x86_64-conda_cos6-linux-gnu/sysroot/lib]
  collapse library dir [/home/noh/anaconda3/bin/../x86_64-conda_cos6-linux-gnu/sysroot/usr/lib/../lib] ==> [/home/noh/anaconda3/x86_64-conda_cos6-linux-gnu/sysroot/usr/lib]
  collapse library dir [/home/noh/anaconda3/bin/../lib/gcc/x86_64-conda_cos6-linux-gnu/7.2.0/../../../../x86_64-conda_cos6-linux-gnu/lib] ==> [/home/noh/anaconda3/x86_64-conda_cos6-linux-gnu/lib]
  collapse library dir [/home/noh/anaconda3/bin/../x86_64-conda_cos6-linux-gnu/sysroot/lib] ==> [/home/noh/anaconda3/x86_64-conda_cos6-linux-gnu/sysroot/lib]
  collapse library dir [/home/noh/anaconda3/bin/../x86_64-conda_cos6-linux-gnu/sysroot/usr/lib] ==> [/home/noh/anaconda3/x86_64-conda_cos6-linux-gnu/sysroot/usr/lib]
  implicit libs: [stdc++;m;gcc_s;gcc;c;gcc_s;gcc]
  implicit dirs: [/usr/local/lib;/home/noh/anaconda3/lib/gcc/x86_64-conda_cos6-linux-gnu/7.2.0;/home/noh/anaconda3/lib/gcc;/home/noh/anaconda3/x86_64-conda_cos6-linux-gnu/lib;/home/noh/anaconda3/x86_64-conda_cos6-linux-gnu/sysroot/lib;/home/noh/anaconda3/x86_64-conda_cos6-linux-gnu/sysroot/usr/lib]
  implicit fwks: []




Detecting CXX [-std=c++1z] compiler features compiled with the following output:
Change Dir: /home/noh/Desktop/WIP/GIT/PhD_work/JE_work/build/CMakeFiles/CMakeTmp

Run Build Command:"/usr/bin/make" "cmTC_80812/fast"
/usr/bin/make -f CMakeFiles/cmTC_80812.dir/build.make CMakeFiles/cmTC_80812.dir/build
make[1]: Entering directory '/home/noh/Desktop/WIP/GIT/PhD_work/JE_work/build/CMakeFiles/CMakeTmp'
Building CXX object CMakeFiles/cmTC_80812.dir/feature_tests.cxx.o
/home/noh/anaconda3/bin/c++    -std=c++1z -o CMakeFiles/cmTC_80812.dir/feature_tests.cxx.o -c /home/noh/Desktop/WIP/GIT/PhD_work/JE_work/build/CMakeFiles/feature_tests.cxx
Linking CXX executable cmTC_80812
/usr/bin/cmake -E cmake_link_script CMakeFiles/cmTC_80812.dir/link.txt --verbose=1
/home/noh/anaconda3/bin/c++     -L/usr/local/lib  -rdynamic CMakeFiles/cmTC_80812.dir/feature_tests.cxx.o  -o cmTC_80812 
make[1]: Leaving directory '/home/noh/Desktop/WIP/GIT/PhD_work/JE_work/build/CMakeFiles/CMakeTmp'


    Feature record: CXX_FEATURE:1cxx_aggregate_default_initializers
    Feature record: CXX_FEATURE:1cxx_alias_templates
    Feature record: CXX_FEATURE:1cxx_alignas
    Feature record: CXX_FEATURE:1cxx_alignof
    Feature record: CXX_FEATURE:1cxx_attributes
    Feature record: CXX_FEATURE:1cxx_attribute_deprecated
    Feature record: CXX_FEATURE:1cxx_auto_type
    Feature record: CXX_FEATURE:1cxx_binary_literals
    Feature record: CXX_FEATURE:1cxx_constexpr
    Feature record: CXX_FEATURE:1cxx_contextual_conversions
    Feature record: CXX_FEATURE:1cxx_decltype
    Feature record: CXX_FEATURE:1cxx_decltype_auto
    Feature record: CXX_FEATURE:1cxx_decltype_incomplete_return_types
    Feature record: CXX_FEATURE:1cxx_default_function_template_args
    Feature record: CXX_FEATURE:1cxx_defaulted_functions
    Feature record: CXX_FEATURE:1cxx_defaulted_move_initializers
    Feature record: CXX_FEATURE:1cxx_delegating_constructors
    Feature record: CXX_FEATURE:1cxx_deleted_functions
    Feature record: CXX_FEATURE:1cxx_digit_separators
    Feature record: CXX_FEATURE:1cxx_enum_forward_declarations
    Feature record: CXX_FEATURE:1cxx_explicit_conversions
    Feature record: CXX_FEATURE:1cxx_extended_friend_declarations
    Feature record: CXX_FEATURE:1cxx_extern_templates
    Feature record: CXX_FEATURE:1cxx_final
    Feature record: CXX_FEATURE:1cxx_func_identifier
    Feature record: CXX_FEATURE:1cxx_generalized_initializers
    Feature record: CXX_FEATURE:1cxx_generic_lambdas
    Feature record: CXX_FEATURE:1cxx_inheriting_constructors
    Feature record: CXX_FEATURE:1cxx_inline_namespaces
    Feature record: CXX_FEATURE:1cxx_lambdas
    Feature record: CXX_FEATURE:1cxx_lambda_init_captures
    Feature record: CXX_FEATURE:1cxx_local_type_template_args
    Feature record: CXX_FEATURE:1cxx_long_long_type
    Feature record: CXX_FEATURE:1cxx_noexcept
    Feature record: CXX_FEATURE:1cxx_nonstatic_member_init
    Feature record: CXX_FEATURE:1cxx_nullptr
    Feature record: CXX_FEATURE:1cxx_override
    Feature record: CXX_FEATURE:1cxx_range_for
    Feature record: CXX_FEATURE:1cxx_raw_string_literals
    Feature record: CXX_FEATURE:1cxx_reference_qualified_functions
    Feature record: CXX_FEATURE:1cxx_relaxed_constexpr
    Feature record: CXX_FEATURE:1cxx_return_type_deduction
    Feature record: CXX_FEATURE:1cxx_right_angle_brackets
    Feature record: CXX_FEATURE:1cxx_rvalue_references
    Feature record: CXX_FEATURE:1cxx_sizeof_member
    Feature record: CXX_FEATURE:1cxx_static_assert
    Feature record: CXX_FEATURE:1cxx_strong_enums
    Feature record: CXX_FEATURE:1cxx_template_template_parameters
    Feature record: CXX_FEATURE:1cxx_thread_local
    Feature record: CXX_FEATURE:1cxx_trailing_return_types
    Feature record: CXX_FEATURE:1cxx_unicode_literals
    Feature record: CXX_FEATURE:1cxx_uniform_initialization
    Feature record: CXX_FEATURE:1cxx_unrestricted_unions
    Feature record: CXX_FEATURE:1cxx_user_literals
    Feature record: CXX_FEATURE:1cxx_variable_templates
    Feature record: CXX_FEATURE:1cxx_variadic_macros
    Feature record: CXX_FEATURE:1cxx_variadic_templates


Detecting CXX [-std=c++14] compiler features compiled with the following output:
Change Dir: /home/noh/Desktop/WIP/GIT/PhD_work/JE_work/build/CMakeFiles/CMakeTmp

Run Build Command:"/usr/bin/make" "cmTC_69373/fast"
/usr/bin/make -f CMakeFiles/cmTC_69373.dir/build.make CMakeFiles/cmTC_69373.dir/build
make[1]: Entering directory '/home/noh/Desktop/WIP/GIT/PhD_work/JE_work/build/CMakeFiles/CMakeTmp'
Building CXX object CMakeFiles/cmTC_69373.dir/feature_tests.cxx.o
/home/noh/anaconda3/bin/c++    -std=c++14 -o CMakeFiles/cmTC_69373.dir/feature_tests.cxx.o -c /home/noh/Desktop/WIP/GIT/PhD_work/JE_work/build/CMakeFiles/feature_tests.cxx
Linking CXX executable cmTC_69373
/usr/bin/cmake -E cmake_link_script CMakeFiles/cmTC_69373.dir/link.txt --verbose=1
/home/noh/anaconda3/bin/c++     -L/usr/local/lib  -rdynamic CMakeFiles/cmTC_69373.dir/feature_tests.cxx.o  -o cmTC_69373 
make[1]: Leaving directory '/home/noh/Desktop/WIP/GIT/PhD_work/JE_work/build/CMakeFiles/CMakeTmp'


    Feature record: CXX_FEATURE:1cxx_aggregate_default_initializers
    Feature record: CXX_FEATURE:1cxx_alias_templates
    Feature record: CXX_FEATURE:1cxx_alignas
    Feature record: CXX_FEATURE:1cxx_alignof
    Feature record: CXX_FEATURE:1cxx_attributes
    Feature record: CXX_FEATURE:1cxx_attribute_deprecated
    Feature record: CXX_FEATURE:1cxx_auto_type
    Feature record: CXX_FEATURE:1cxx_binary_literals
    Feature record: CXX_FEATURE:1cxx_constexpr
    Feature record: CXX_FEATURE:1cxx_contextual_conversions
    Feature record: CXX_FEATURE:1cxx_decltype
    Feature record: CXX_FEATURE:1cxx_decltype_auto
    Feature record: CXX_FEATURE:1cxx_decltype_incomplete_return_types
    Feature record: CXX_FEATURE:1cxx_default_function_template_args
    Feature record: CXX_FEATURE:1cxx_defaulted_functions
    Feature record: CXX_FEATURE:1cxx_defaulted_move_initializers
    Feature record: CXX_FEATURE:1cxx_delegating_constructors
    Feature record: CXX_FEATURE:1cxx_deleted_functions
    Feature record: CXX_FEATURE:1cxx_digit_separators
    Feature record: CXX_FEATURE:1cxx_enum_forward_declarations
    Feature record: CXX_FEATURE:1cxx_explicit_conversions
    Feature record: CXX_FEATURE:1cxx_extended_friend_declarations
    Feature record: CXX_FEATURE:1cxx_extern_templates
    Feature record: CXX_FEATURE:1cxx_final
    Feature record: CXX_FEATURE:1cxx_func_identifier
    Feature record: CXX_FEATURE:1cxx_generalized_initializers
    Feature record: CXX_FEATURE:1cxx_generic_lambdas
    Feature record: CXX_FEATURE:1cxx_inheriting_constructors
    Feature record: CXX_FEATURE:1cxx_inline_namespaces
    Feature record: CXX_FEATURE:1cxx_lambdas
    Feature record: CXX_FEATURE:1cxx_lambda_init_captures
    Feature record: CXX_FEATURE:1cxx_local_type_template_args
    Feature record: CXX_FEATURE:1cxx_long_long_type
    Feature record: CXX_FEATURE:1cxx_noexcept
    Feature record: CXX_FEATURE:1cxx_nonstatic_member_init
    Feature record: CXX_FEATURE:1cxx_nullptr
    Feature record: CXX_FEATURE:1cxx_override
    Feature record: CXX_FEATURE:1cxx_range_for
    Feature record: CXX_FEATURE:1cxx_raw_string_literals
    Feature record: CXX_FEATURE:1cxx_reference_qualified_functions
    Feature record: CXX_FEATURE:1cxx_relaxed_constexpr
    Feature record: CXX_FEATURE:1cxx_return_type_deduction
    Feature record: CXX_FEATURE:1cxx_right_angle_brackets
    Feature record: CXX_FEATURE:1cxx_rvalue_references
    Feature record: CXX_FEATURE:1cxx_sizeof_member
    Feature record: CXX_FEATURE:1cxx_static_assert
    Feature record: CXX_FEATURE:1cxx_strong_enums
    Feature record: CXX_FEATURE:1cxx_template_template_parameters
    Feature record: CXX_FEATURE:1cxx_thread_local
    Feature record: CXX_FEATURE:1cxx_trailing_return_types
    Feature record: CXX_FEATURE:1cxx_unicode_literals
    Feature record: CXX_FEATURE:1cxx_uniform_initialization
    Feature record: CXX_FEATURE:1cxx_unrestricted_unions
    Feature record: CXX_FEATURE:1cxx_user_literals
    Feature record: CXX_FEATURE:1cxx_variable_templates
    Feature record: CXX_FEATURE:1cxx_variadic_macros
    Feature record: CXX_FEATURE:1cxx_variadic_templates


Detecting CXX [-std=c++11] compiler features compiled with the following output:
Change Dir: /home/noh/Desktop/WIP/GIT/PhD_work/JE_work/build/CMakeFiles/CMakeTmp

Run Build Command:"/usr/bin/make" "cmTC_c70ba/fast"
/usr/bin/make -f CMakeFiles/cmTC_c70ba.dir/build.make CMakeFiles/cmTC_c70ba.dir/build
make[1]: Entering directory '/home/noh/Desktop/WIP/GIT/PhD_work/JE_work/build/CMakeFiles/CMakeTmp'
Building CXX object CMakeFiles/cmTC_c70ba.dir/feature_tests.cxx.o
/home/noh/anaconda3/bin/c++    -std=c++11 -o CMakeFiles/cmTC_c70ba.dir/feature_tests.cxx.o -c /home/noh/Desktop/WIP/GIT/PhD_work/JE_work/build/CMakeFiles/feature_tests.cxx
Linking CXX executable cmTC_c70ba
/usr/bin/cmake -E cmake_link_script CMakeFiles/cmTC_c70ba.dir/link.txt --verbose=1
/home/noh/anaconda3/bin/c++     -L/usr/local/lib  -rdynamic CMakeFiles/cmTC_c70ba.dir/feature_tests.cxx.o  -o cmTC_c70ba 
make[1]: Leaving directory '/home/noh/Desktop/WIP/GIT/PhD_work/JE_work/build/CMakeFiles/CMakeTmp'


    Feature record: CXX_FEATURE:0cxx_aggregate_default_initializers
    Feature record: CXX_FEATURE:1cxx_alias_templates
    Feature record: CXX_FEATURE:1cxx_alignas
    Feature record: CXX_FEATURE:1cxx_alignof
    Feature record: CXX_FEATURE:1cxx_attributes
    Feature record: CXX_FEATURE:0cxx_attribute_deprecated
    Feature record: CXX_FEATURE:1cxx_auto_type
    Feature record: CXX_FEATURE:0cxx_binary_literals
    Feature record: CXX_FEATURE:1cxx_constexpr
    Feature record: CXX_FEATURE:0cxx_contextual_conversions
    Feature record: CXX_FEATURE:1cxx_decltype
    Feature record: CXX_FEATURE:0cxx_decltype_auto
    Feature record: CXX_FEATURE:1cxx_decltype_incomplete_return_types
    Feature record: CXX_FEATURE:1cxx_default_function_template_args
    Feature record: CXX_FEATURE:1cxx_defaulted_functions
    Feature record: CXX_FEATURE:1cxx_defaulted_move_initializers
    Feature record: CXX_FEATURE:1cxx_delegating_constructors
    Feature record: CXX_FEATURE:1cxx_deleted_functions
    Feature record: CXX_FEATURE:0cxx_digit_separators
    Feature record: CXX_FEATURE:1cxx_enum_forward_declarations
    Feature record: CXX_FEATURE:1cxx_explicit_conversions
    Feature record: CXX_FEATURE:1cxx_extended_friend_declarations
    Feature record: CXX_FEATURE:1cxx_extern_templates
    Feature record: CXX_FEATURE:1cxx_final
    Feature record: CXX_FEATURE:1cxx_func_identifier
    Feature record: CXX_FEATURE:1cxx_generalized_initializers
    Feature record: CXX_FEATURE:0cxx_generic_lambdas
    Feature record: CXX_FEATURE:1cxx_inheriting_constructors
    Feature record: CXX_FEATURE:1cxx_inline_namespaces
    Feature record: CXX_FEATURE:1cxx_lambdas
    Feature record: CXX_FEATURE:0cxx_lambda_init_captures
    Feature record: CXX_FEATURE:1cxx_local_type_template_args
    Feature record: CXX_FEATURE:1cxx_long_long_type
    Feature record: CXX_FEATURE:1cxx_noexcept
    Feature record: CXX_FEATURE:1cxx_nonstatic_member_init
    Feature record: CXX_FEATURE:1cxx_nullptr
    Feature record: CXX_FEATURE:1cxx_override
    Feature record: CXX_FEATURE:1cxx_range_for
    Feature record: CXX_FEATURE:1cxx_raw_string_literals
    Feature record: CXX_FEATURE:1cxx_reference_qualified_functions
    Feature record: CXX_FEATURE:0cxx_relaxed_constexpr
    Feature record: CXX_FEATURE:0cxx_return_type_deduction
    Feature record: CXX_FEATURE:1cxx_right_angle_brackets
    Feature record: CXX_FEATURE:1cxx_rvalue_references
    Feature record: CXX_FEATURE:1cxx_sizeof_member
    Feature record: CXX_FEATURE:1cxx_static_assert
    Feature record: CXX_FEATURE:1cxx_strong_enums
    Feature record: CXX_FEATURE:1cxx_template_template_parameters
    Feature record: CXX_FEATURE:1cxx_thread_local
    Feature record: CXX_FEATURE:1cxx_trailing_return_types
    Feature record: CXX_FEATURE:1cxx_unicode_literals
    Feature record: CXX_FEATURE:1cxx_uniform_initialization
    Feature record: CXX_FEATURE:1cxx_unrestricted_unions
    Feature record: CXX_FEATURE:1cxx_user_literals
    Feature record: CXX_FEATURE:0cxx_variable_templates
    Feature record: CXX_FEATURE:1cxx_variadic_macros
    Feature record: CXX_FEATURE:1cxx_variadic_templates


Detecting CXX [-std=c++98] compiler features compiled with the following output:
Change Dir: /home/noh/Desktop/WIP/GIT/PhD_work/JE_work/build/CMakeFiles/CMakeTmp

Run Build Command:"/usr/bin/make" "cmTC_30dfb/fast"
/usr/bin/make -f CMakeFiles/cmTC_30dfb.dir/build.make CMakeFiles/cmTC_30dfb.dir/build
make[1]: Entering directory '/home/noh/Desktop/WIP/GIT/PhD_work/JE_work/build/CMakeFiles/CMakeTmp'
Building CXX object CMakeFiles/cmTC_30dfb.dir/feature_tests.cxx.o
/home/noh/anaconda3/bin/c++    -std=c++98 -o CMakeFiles/cmTC_30dfb.dir/feature_tests.cxx.o -c /home/noh/Desktop/WIP/GIT/PhD_work/JE_work/build/CMakeFiles/feature_tests.cxx
Linking CXX executable cmTC_30dfb
/usr/bin/cmake -E cmake_link_script CMakeFiles/cmTC_30dfb.dir/link.txt --verbose=1
/home/noh/anaconda3/bin/c++     -L/usr/local/lib  -rdynamic CMakeFiles/cmTC_30dfb.dir/feature_tests.cxx.o  -o cmTC_30dfb 
make[1]: Leaving directory '/home/noh/Desktop/WIP/GIT/PhD_work/JE_work/build/CMakeFiles/CMakeTmp'


    Feature record: CXX_FEATURE:0cxx_aggregate_default_initializers
    Feature record: CXX_FEATURE:0cxx_alias_templates
    Feature record: CXX_FEATURE:0cxx_alignas
    Feature record: CXX_FEATURE:0cxx_alignof
    Feature record: CXX_FEATURE:0cxx_attributes
    Feature record: CXX_FEATURE:0cxx_attribute_deprecated
    Feature record: CXX_FEATURE:0cxx_auto_type
    Feature record: CXX_FEATURE:0cxx_binary_literals
    Feature record: CXX_FEATURE:0cxx_constexpr
    Feature record: CXX_FEATURE:0cxx_contextual_conversions
    Feature record: CXX_FEATURE:0cxx_decltype
    Feature record: CXX_FEATURE:0cxx_decltype_auto
    Feature record: CXX_FEATURE:0cxx_decltype_incomplete_return_types
    Feature record: CXX_FEATURE:0cxx_default_function_template_args
    Feature record: CXX_FEATURE:0cxx_defaulted_functions
    Feature record: CXX_FEATURE:0cxx_defaulted_move_initializers
    Feature record: CXX_FEATURE:0cxx_delegating_constructors
    Feature record: CXX_FEATURE:0cxx_deleted_functions
    Feature record: CXX_FEATURE:0cxx_digit_separators
    Feature record: CXX_FEATURE:0cxx_enum_forward_declarations
    Feature record: CXX_FEATURE:0cxx_explicit_conversions
    Feature record: CXX_FEATURE:0cxx_extended_friend_declarations
    Feature record: CXX_FEATURE:0cxx_extern_templates
    Feature record: CXX_FEATURE:0cxx_final
    Feature record: CXX_FEATURE:0cxx_func_identifier
    Feature record: CXX_FEATURE:0cxx_generalized_initializers
    Feature record: CXX_FEATURE:0cxx_generic_lambdas
    Feature record: CXX_FEATURE:0cxx_inheriting_constructors
    Feature record: CXX_FEATURE:0cxx_inline_namespaces
    Feature record: CXX_FEATURE:0cxx_lambdas
    Feature record: CXX_FEATURE:0cxx_lambda_init_captures
    Feature record: CXX_FEATURE:0cxx_local_type_template_args
    Feature record: CXX_FEATURE:0cxx_long_long_type
    Feature record: CXX_FEATURE:0cxx_noexcept
    Feature record: CXX_FEATURE:0cxx_nonstatic_member_init
    Feature record: CXX_FEATURE:0cxx_nullptr
    Feature record: CXX_FEATURE:0cxx_override
    Feature record: CXX_FEATURE:0cxx_range_for
    Feature record: CXX_FEATURE:0cxx_raw_string_literals
    Feature record: CXX_FEATURE:0cxx_reference_qualified_functions
    Feature record: CXX_FEATURE:0cxx_relaxed_constexpr
    Feature record: CXX_FEATURE:0cxx_return_type_deduction
    Feature record: CXX_FEATURE:0cxx_right_angle_brackets
    Feature record: CXX_FEATURE:0cxx_rvalue_references
    Feature record: CXX_FEATURE:0cxx_sizeof_member
    Feature record: CXX_FEATURE:0cxx_static_assert
    Feature record: CXX_FEATURE:0cxx_strong_enums
    Feature record: CXX_FEATURE:1cxx_template_template_parameters
    Feature record: CXX_FEATURE:0cxx_thread_local
    Feature record: CXX_FEATURE:0cxx_trailing_return_types
    Feature record: CXX_FEATURE:0cxx_unicode_literals
    Feature record: CXX_FEATURE:0cxx_uniform_initialization
    Feature record: CXX_FEATURE:0cxx_unrestricted_unions
    Feature record: CXX_FEATURE:0cxx_user_literals
    Feature record: CXX_FEATURE:0cxx_variable_templates
    Feature record: CXX_FEATURE:0cxx_variadic_macros
    Feature record: CXX_FEATURE:0cxx_variadic_templates
Performing C++ SOURCE FILE Test COMPILER_SUPPORTS_CXX11 succeeded with the following output:
Change Dir: /home/noh/Desktop/WIP/GIT/PhD_work/JE_work/build/CMakeFiles/CMakeTmp

Run Build Command:"/usr/bin/make" "cmTC_883d6/fast"
/usr/bin/make -f CMakeFiles/cmTC_883d6.dir/build.make CMakeFiles/cmTC_883d6.dir/build
make[1]: Entering directory '/home/noh/Desktop/WIP/GIT/PhD_work/JE_work/build/CMakeFiles/CMakeTmp'
Building CXX object CMakeFiles/cmTC_883d6.dir/src.cxx.o
/home/noh/anaconda3/bin/c++    -DCOMPILER_SUPPORTS_CXX11   -std=c++11 -o CMakeFiles/cmTC_883d6.dir/src.cxx.o -c /home/noh/Desktop/WIP/GIT/PhD_work/JE_work/build/CMakeFiles/CMakeTmp/src.cxx
Linking CXX executable cmTC_883d6
/usr/bin/cmake -E cmake_link_script CMakeFiles/cmTC_883d6.dir/link.txt --verbose=1
/home/noh/anaconda3/bin/c++   -DCOMPILER_SUPPORTS_CXX11  -L/usr/local/lib  -rdynamic CMakeFiles/cmTC_883d6.dir/src.cxx.o  -o cmTC_883d6 
make[1]: Leaving directory '/home/noh/Desktop/WIP/GIT/PhD_work/JE_work/build/CMakeFiles/CMakeTmp'

Source file was:
int main() { return 0; }
Performing C++ SOURCE FILE Test COMPILER_SUPPORTS_CXX0X succeeded with the following output:
Change Dir: /home/noh/Desktop/WIP/GIT/PhD_work/JE_work/build/CMakeFiles/CMakeTmp

Run Build Command:"/usr/bin/make" "cmTC_09f8f/fast"
/usr/bin/make -f CMakeFiles/cmTC_09f8f.dir/build.make CMakeFiles/cmTC_09f8f.dir/build
make[1]: Entering directory '/home/noh/Desktop/WIP/GIT/PhD_work/JE_work/build/CMakeFiles/CMakeTmp'
Building CXX object CMakeFiles/cmTC_09f8f.dir/src.cxx.o
/home/noh/anaconda3/bin/c++    -DCOMPILER_SUPPORTS_CXX0X   -std=c++0x -o CMakeFiles/cmTC_09f8f.dir/src.cxx.o -c /home/noh/Desktop/WIP/GIT/PhD_work/JE_work/build/CMakeFiles/CMakeTmp/src.cxx
Linking CXX executable cmTC_09f8f
/usr/bin/cmake -E cmake_link_script CMakeFiles/cmTC_09f8f.dir/link.txt --verbose=1
/home/noh/anaconda3/bin/c++   -DCOMPILER_SUPPORTS_CXX0X  -L/usr/local/lib  -rdynamic CMakeFiles/cmTC_09f8f.dir/src.cxx.o  -o cmTC_09f8f 
make[1]: Leaving directory '/home/noh/Desktop/WIP/GIT/PhD_work/JE_work/build/CMakeFiles/CMakeTmp'

Source file was:
int main() { return 0; }
